<?xml version="1.0" encoding="UTF-8"?>
<!-- Generated by org.testng.reporters.JUnitXMLReporter -->
<testsuite ignored="0" hostname="CWCLAP029" failures="0" tests="4" name="Test" time="9.505" errors="0" timestamp="2024-11-12T13:09:36 IST">
  <testcase classname="com.tests.LoginTest" name="verifyLoginButtonTest" time="0.069"/>
  <testcase classname="com.tests.LoginTest" name="verifyAlertMessageTest" time="0.168"/>
  <testcase classname="com.tests.HomeTest" name="swagLabsHeadingTest" time="0.454"/>
  <testcase classname="com.tests.HomeTest" name="productsHeadingTest" time="0.45"/>
</testsuite> <!-- Test -->
