<?xml version="1.0" encoding="UTF-8"?>
<!-- Generated by org.testng.reporters.JUnitXMLReporter -->
<testsuite ignored="0" hostname="CWCLAP029" failures="0" tests="4" name="Test" time="8.529" errors="0" timestamp="2024-11-12T17:26:22 IST">
  <testcase classname="com.tests.LoginTest" name="verifyLoginButtonTest" time="0.06"/>
  <testcase classname="com.tests.LoginTest" name="verifyAlertMessageTest" time="0.147"/>
  <testcase classname="com.tests.HomeTest" name="swagLabsHeadingTest" time="0.408"/>
  <testcase classname="com.tests.HomeTest" name="productsHeadingTest" time="0.402"/>
</testsuite> <!-- Test -->
