<?xml version="1.0" encoding="UTF-8"?>
<testng-results ignored="0" total="4" passed="4" failed="0" skipped="0">
  <reporter-output>
  </reporter-output>
  <suite started-at="2024-11-12T17:26:14 IST" name="Suite" finished-at="2024-11-12T17:26:22 IST" duration-ms="8529">
    <groups>
    </groups>
    <test started-at="2024-11-12T17:26:14 IST" name="Test" finished-at="2024-11-12T17:26:22 IST" duration-ms="8529">
      <class name="com.tests.HomeTest">
        <test-method is-config="true" signature="setUp()[pri:0, instance:com.tests.HomeTest@2ca923bb]" started-at="2024-11-12T17:26:18 IST" name="setUp" finished-at="2024-11-12T17:26:20 IST" duration-ms="1566" status="PASS">
          <reporter-output>
          </reporter-output>
        </test-method> <!-- setUp -->
        <test-method signature="swagLabsHeadingTest()[pri:0, instance:com.tests.HomeTest@2ca923bb]" started-at="2024-11-12T17:26:20 IST" name="swagLabsHeadingTest" finished-at="2024-11-12T17:26:20 IST" duration-ms="408" status="PASS">
          <reporter-output>
          </reporter-output>
        </test-method> <!-- swagLabsHeadingTest -->
        <test-method is-config="true" signature="tearDown()[pri:0, instance:com.tests.HomeTest@2ca923bb]" started-at="2024-11-12T17:26:20 IST" name="tearDown" finished-at="2024-11-12T17:26:20 IST" duration-ms="125" status="PASS">
          <reporter-output>
          </reporter-output>
        </test-method> <!-- tearDown -->
        <test-method is-config="true" signature="setUp()[pri:0, instance:com.tests.HomeTest@2ca923bb]" started-at="2024-11-12T17:26:20 IST" name="setUp" finished-at="2024-11-12T17:26:22 IST" duration-ms="1583" status="PASS">
          <reporter-output>
          </reporter-output>
        </test-method> <!-- setUp -->
        <test-method signature="productsHeadingTest()[pri:1, instance:com.tests.HomeTest@2ca923bb]" started-at="2024-11-12T17:26:22 IST" name="productsHeadingTest" finished-at="2024-11-12T17:26:22 IST" duration-ms="402" status="PASS">
          <reporter-output>
          </reporter-output>
        </test-method> <!-- productsHeadingTest -->
        <test-method is-config="true" signature="tearDown()[pri:0, instance:com.tests.HomeTest@2ca923bb]" started-at="2024-11-12T17:26:22 IST" name="tearDown" finished-at="2024-11-12T17:26:22 IST" duration-ms="128" status="PASS">
          <reporter-output>
          </reporter-output>
        </test-method> <!-- tearDown -->
      </class> <!-- com.tests.HomeTest -->
      <class name="com.tests.LoginTest">
        <test-method is-config="true" signature="setUp()[pri:0, instance:com.tests.LoginTest@2ad48653]" started-at="2024-11-12T17:26:14 IST" name="setUp" finished-at="2024-11-12T17:26:16 IST" duration-ms="2229" status="PASS">
          <reporter-output>
          </reporter-output>
        </test-method> <!-- setUp -->
        <test-method signature="verifyLoginButtonTest()[pri:0, instance:com.tests.LoginTest@2ad48653]" started-at="2024-11-12T17:26:16 IST" name="verifyLoginButtonTest" finished-at="2024-11-12T17:26:16 IST" duration-ms="60" status="PASS">
          <reporter-output>
          </reporter-output>
        </test-method> <!-- verifyLoginButtonTest -->
        <test-method is-config="true" signature="tearDown()[pri:0, instance:com.tests.LoginTest@2ad48653]" started-at="2024-11-12T17:26:16 IST" name="tearDown" finished-at="2024-11-12T17:26:16 IST" duration-ms="182" status="PASS">
          <reporter-output>
          </reporter-output>
        </test-method> <!-- tearDown -->
        <test-method is-config="true" signature="setUp()[pri:0, instance:com.tests.LoginTest@2ad48653]" started-at="2024-11-12T17:26:16 IST" name="setUp" finished-at="2024-11-12T17:26:18 IST" duration-ms="1540" status="PASS">
          <reporter-output>
          </reporter-output>
        </test-method> <!-- setUp -->
        <test-method signature="verifyAlertMessageTest()[pri:1, instance:com.tests.LoginTest@2ad48653]" started-at="2024-11-12T17:26:18 IST" name="verifyAlertMessageTest" finished-at="2024-11-12T17:26:18 IST" duration-ms="147" status="PASS">
          <reporter-output>
          </reporter-output>
        </test-method> <!-- verifyAlertMessageTest -->
        <test-method is-config="true" signature="tearDown()[pri:0, instance:com.tests.LoginTest@2ad48653]" started-at="2024-11-12T17:26:18 IST" name="tearDown" finished-at="2024-11-12T17:26:18 IST" duration-ms="116" status="PASS">
          <reporter-output>
          </reporter-output>
        </test-method> <!-- tearDown -->
      </class> <!-- com.tests.LoginTest -->
    </test> <!-- Test -->
  </suite> <!-- Suite -->
</testng-results>
