<?xml version="1.0" encoding="UTF-8"?>
<testsuite xmlns:xsi="http://www.w3.org/2001/XMLSchema-instance" xsi:noNamespaceSchemaLocation="https://maven.apache.org/surefire/maven-surefire-plugin/xsd/surefire-test-report.xsd" version="3.0.2" name="TestSuite" time="9.199" tests="4" errors="0" skipped="0" failures="0">
  <properties>
[...]
</properties>
  <testcase name="verifyLoginButtonTest" classname="com.tests.LoginTest" time="0.06"/>
  <testcase name="verifyAlertMessageTest" classname="com.tests.LoginTest" time="0.147"/>
  <testcase name="swagLabsHeadingTest" classname="com.tests.HomeTest" time="0.408"/>
  <testcase name="productsHeadingTest" classname="com.tests.HomeTest" time="0.401"/>
</testsuite>