<?xml version="1.0" encoding="UTF-8"?>
<testng-results ignored="0" total="4" passed="4" failed="0" skipped="0">
  <reporter-output>
  </reporter-output>
  <suite started-at="2024-11-12T13:09:27 IST" name="Suite" finished-at="2024-11-12T13:09:36 IST" duration-ms="9505">
    <groups>
    </groups>
    <test started-at="2024-11-12T13:09:27 IST" name="Test" finished-at="2024-11-12T13:09:36 IST" duration-ms="9505">
      <class name="com.tests.HomeTest">
        <test-method is-config="true" signature="setUp()[pri:0, instance:com.tests.HomeTest@1722011b]" started-at="2024-11-12T13:09:31 IST" name="setUp" finished-at="2024-11-12T13:09:33 IST" duration-ms="1708" status="PASS">
          <reporter-output>
          </reporter-output>
        </test-method> <!-- setUp -->
        <test-method signature="swagLabsHeadingTest()[pri:0, instance:com.tests.HomeTest@1722011b]" started-at="2024-11-12T13:09:33 IST" name="swagLabsHeadingTest" finished-at="2024-11-12T13:09:34 IST" duration-ms="454" status="PASS">
          <reporter-output>
          </reporter-output>
        </test-method> <!-- swagLabsHeadingTest -->
        <test-method is-config="true" signature="tearDown()[pri:0, instance:com.tests.HomeTest@1722011b]" started-at="2024-11-12T13:09:34 IST" name="tearDown" finished-at="2024-11-12T13:09:34 IST" duration-ms="147" status="PASS">
          <reporter-output>
          </reporter-output>
        </test-method> <!-- tearDown -->
        <test-method is-config="true" signature="setUp()[pri:0, instance:com.tests.HomeTest@1722011b]" started-at="2024-11-12T13:09:34 IST" name="setUp" finished-at="2024-11-12T13:09:36 IST" duration-ms="1784" status="PASS">
          <reporter-output>
          </reporter-output>
        </test-method> <!-- setUp -->
        <test-method signature="productsHeadingTest()[pri:1, instance:com.tests.HomeTest@1722011b]" started-at="2024-11-12T13:09:36 IST" name="productsHeadingTest" finished-at="2024-11-12T13:09:36 IST" duration-ms="450" status="PASS">
          <reporter-output>
          </reporter-output>
        </test-method> <!-- productsHeadingTest -->
        <test-method is-config="true" signature="tearDown()[pri:0, instance:com.tests.HomeTest@1722011b]" started-at="2024-11-12T13:09:36 IST" name="tearDown" finished-at="2024-11-12T13:09:36 IST" duration-ms="135" status="PASS">
          <reporter-output>
          </reporter-output>
        </test-method> <!-- tearDown -->
      </class> <!-- com.tests.HomeTest -->
      <class name="com.tests.LoginTest">
        <test-method is-config="true" signature="setUp()[pri:0, instance:com.tests.LoginTest@51c693d]" started-at="2024-11-12T13:09:27 IST" name="setUp" finished-at="2024-11-12T13:09:29 IST" duration-ms="2403" status="PASS">
          <reporter-output>
          </reporter-output>
        </test-method> <!-- setUp -->
        <test-method signature="verifyLoginButtonTest()[pri:0, instance:com.tests.LoginTest@51c693d]" started-at="2024-11-12T13:09:29 IST" name="verifyLoginButtonTest" finished-at="2024-11-12T13:09:29 IST" duration-ms="69" status="PASS">
          <reporter-output>
          </reporter-output>
        </test-method> <!-- verifyLoginButtonTest -->
        <test-method is-config="true" signature="tearDown()[pri:0, instance:com.tests.LoginTest@51c693d]" started-at="2024-11-12T13:09:29 IST" name="tearDown" finished-at="2024-11-12T13:09:29 IST" duration-ms="146" status="PASS">
          <reporter-output>
          </reporter-output>
        </test-method> <!-- tearDown -->
        <test-method is-config="true" signature="setUp()[pri:0, instance:com.tests.LoginTest@51c693d]" started-at="2024-11-12T13:09:29 IST" name="setUp" finished-at="2024-11-12T13:09:31 IST" duration-ms="1836" status="PASS">
          <reporter-output>
          </reporter-output>
        </test-method> <!-- setUp -->
        <test-method signature="verifyAlertMessageTest()[pri:1, instance:com.tests.LoginTest@51c693d]" started-at="2024-11-12T13:09:31 IST" name="verifyAlertMessageTest" finished-at="2024-11-12T13:09:31 IST" duration-ms="168" status="PASS">
          <reporter-output>
          </reporter-output>
        </test-method> <!-- verifyAlertMessageTest -->
        <test-method is-config="true" signature="tearDown()[pri:0, instance:com.tests.LoginTest@51c693d]" started-at="2024-11-12T13:09:31 IST" name="tearDown" finished-at="2024-11-12T13:09:31 IST" duration-ms="132" status="PASS">
          <reporter-output>
          </reporter-output>
        </test-method> <!-- tearDown -->
      </class> <!-- com.tests.LoginTest -->
    </test> <!-- Test -->
  </suite> <!-- Suite -->
</testng-results>
